##AutoGenerated by 'ChallengeSystem'
Regards, Bambi

------------------------------------
\Challenge1_SAURON_vs_ECTH,_7-3,_1.09v2beta15a4.rar
```diff

- Challenge № 1
- Update 2020-05-13
Notes: 

Let the challenges continue!

```------------------------------------
\Challenge2_ECTH_vs_AHWE,_6-4,_1.09v2beta15a4.rar
```diff

- Challenge № 2
- Update 2020-05-14
Notes: 

Let the challenges continue!

```------------------------------------
\Challenge3_IMPERIALIST_vs_OTTO,_7-3,_1.09v2beta15a4.rar
```diff

- Challenge № 3
- Update 2020-05-14
Notes: 

Let the challenges continue!

```------------------------------------
\Challenge4_MAKA_vs_VITO,_7-6,_1.09v2beta15a4.rar
```diff

- Challenge № 4
- Update 2020-05-16
Notes: 

Let the challenges continue!

```------------------------------------
\Challenge5_DARYL_vs_JEDGAR,_6-3,_1.09v2beta15a4.rar
```diff

- Challenge № 5
- Update 2020-05-16
Notes: 

Let the challenges continue!

```------------------------------------
\Challenge6_SAURON_vs_ECTH,_8-5,_1.09v2beta15a5.rar
```diff

- Challenge № 6
- Update 2020-05-17
Notes: 

Let the challenges continue!

```------------------------------------
\Challenge7_TEMPT_vs_JONES,_7-3,_1.09v2beta.rar
```diff

- Challenge № 7
- Update 2020-05-17
Notes: 

Let the challenges continue!

```------------------------------------
\Challenge8_MAKA_vs_SCARECROW,_7-5,_1.09v2beta.rar
```diff

- Challenge № 8
- Update 2020-05-18
Notes: 

Let the challenges continue!

```------------------------------------
\Challenge9_SAURON_vs_ECTH,_9-3,_1.09v2beta.rar
```diff

- Challenge № 9
- Update 2020-05-19
Notes: 

Let the challenges continue!

```------------------------------------
\Challenge10_SCARECROW_vs_JONES,_7-5,_1.09v2beta.rar
```diff

- Challenge № 10
- Update 2020-05-19
Notes: 

Let the challenges continue!

```------------------------------------
\Challenge11_AHWE_vs_MAKA,_7-1,_1.09v2beta.rar
```diff

- Challenge № 11
- Update 2020-05-19
Notes: 

Let the challenges continue!

```------------------------------------
\Challenge12_GLUTE_vs_DARYL,_7-6,_1.09v2beta.rar
```diff

- Challenge № 12
- Update 2020-05-20
Notes: 

Let the challenges continue!

```------------------------------------
\Challenge13_GLUTE_vs_MAKA,_7-2,_1.09v2beta.rar
```diff

- Challenge № 13
- Update 2020-05-21
Notes: 

Let the challenges continue!

```------------------------------------
\Challenge14_SAURON_vs_ECTH,_7-2,_1.09v2beta.rar
```diff

- Challenge № 14
- Update 2020-05-22
Notes: 

Let the challenges continue!

```------------------------------------
\Challenge15_MAKA_vs_LAU,_7-6,_1.09v2beta.rar
```diff

- Challenge № 15
- Update 2020-05-22
Notes: 

Let the challenges continue!

```------------------------------------
\Challenge16_OTTO_vs_MAKA,_7-2,_1.09v2beta.rar
```diff

- Challenge № 16
- Update 2020-05-24
Notes: 

Let the challenges continue!

```------------------------------------
\Challenge17_GLUTE_vs_MAKA,_7-5,_1.09v2beta.rar
```diff

- Challenge № 17
- Update 2020-05-24
Notes: 

Let the challenges continue!

```------------------------------------
\Challenge18_SAURON_vs_OTTO,_7-2,_1.09v2beta.rar
```diff

- Challenge № 18
- Update 2020-05-25
Notes: 

Let the challenges continue!

```------------------------------------
\Challenge19_DARYL_vs_TEMPT,_0-0,_KICK_ADD_MODE.rar
```diff

- Challenge № 19
- Update 2020-05-25
Notes: tempt asked to be removed

Let the challenges continue!

```------------------------------------
\Challenge20_LAU_vs_JONES,_7-3,_1.09v2beta.rar
```diff

- Challenge № 20
- Update 2020-05-26
Notes: 

Let the challenges continue!

```------------------------------------
\Challenge21_SCARECROW_vs_JEDGAR,_6-1,_1.09v2beta.rar
```diff

- Challenge № 21
- Update 2020-05-27
Notes: 

Let the challenges continue!

```------------------------------------
\Challenge22_DARYL_vs_MUSTAFA,_7-3,_1.09v2beta.rar
```diff

- Challenge № 22
- Update 2020-05-27
Notes: 

Let the challenges continue!

```------------------------------------
\Challenge23_LAU_vs_GLUTE,_7-6,_1.09v2beta.rar
```diff

- Challenge № 23
- Update 2020-06-01
Notes: 

Let the challenges continue!

```------------------------------------
\Challenge24_FREEDOOM_vs_SCARECROW,_7-3,_1.09v2beta.rar
```diff

- Challenge № 24
- Update 2020-06-01
Notes: 

Let the challenges continue!

```------------------------------------
\Challenge25_DARYL_vs_GLUTE,_0-0,_KICK_ADD_MODE.rar
```diff

- Challenge № 25
- Update 2020-06-01
Notes: glute asked to be removed

Let the challenges continue!

```------------------------------------
\Challenge26_MAKA_vs_FREEDOOM,_7-4,_1.09v2beta.rar
```diff

- Challenge № 26
- Update 2020-06-06
Notes: 

Let the challenges continue!

```------------------------------------
\Challenge27_ZORBA_vs_FREEDOOM,_7-3,_1.09v2beta.rar
```diff

- Challenge № 27
- Update 2020-06-16
Notes: 

Let the challenges continue!

```------------------------------------
\Challenge28_AHWE_vs_ZORBA,_7-4,_1.09v2beta.rar
```diff

- Challenge № 28
- Update 2020-08-25
Notes: 

Let the challenges continue!

```------------------------------------
\Challenge29_AHWE_vs_ECTH,_6-1,_1.09v2beta.rar
```diff

- Challenge № 29
- Update 2020-09-02
Notes: 

Let the challenges continue!

```------------------------------------
\Challenge30_SAURON_vs_AHWE,_8-2,_1.09v2beta.rar
```diff

- Challenge № 30
- Update 2020-09-03
Notes: 

Let the challenges continue!

```------------------------------------
\Challenge31_OTTO_vs_ZORBA,_5-1,_1.09v2beta.rar
```diff

- Challenge № 31
- Update 2020-09-03
Notes: 

Let the challenges continue!

```------------------------------------
\Challenge32_MUSTAFA_vs_MAKA,_7-1,_1.09v2beta.rar
```diff

- Challenge № 32
- Update 2020-09-12
Notes: 

Let the challenges continue!

```------------------------------------
\Challenge33_ECTH_vs_AHWE,_4-3,_1.09v2beta.rar
```diff

- Challenge № 33
- Update 2020-09-13
Notes: 

Let the challenges continue!

```------------------------------------
\Challenge34_OTTO_vs_ECTH,_7-4,_1.09v2beta.rar
```diff

- Challenge № 34
- Update 2020-09-25
Notes: 

Let the challenges continue!

```------------------------------------
\Challenge35_ZORBA_vs_MUSTAFA,_6-1,_1.09v2beta.rar
```diff

- Challenge № 35
- Update 2020-09-25
Notes: 

Let the challenges continue!

```------------------------------------
\Challenge36_ECTH_vs_ZORBA,_6-4,_1.09v2beta.rar
```diff

- Challenge № 36
- Update 2020-09-27
Notes: 

Let the challenges continue!

```------------------------------------
\Challenge37_TEMPT_vs_MAKA,_5-1,_1.09v2beta.rar
```diff

- Challenge № 37
- Update 2020-11-11
Notes: Maka raged quited and dodged the 2vs2 part. Bad luzer.

Let the challenges continue!

```------------------------------------
\Challenge38_PIKACHU_vs_MUSTAFA,_6-1,_1.09v2beta.rar
```diff

- Challenge № 38
- Update 2020-11-24
Notes: 

Let the challenges continue!

```------------------------------------
\Challenge39_ECTH_vs_OTTO,_5-0,_1.09v2beta.rar
```diff

- Challenge № 39
- Update 2020-11-27
Notes: 

Let the challenges continue!

```------------------------------------
\Challenge40_PIKACHU_vs_MUSTAFA,_5-1,_1.09v2beta.rar
```diff

- Challenge № 40
- Update 2020-12-23
Notes: 

Let the challenges continue!

```------------------------------------
\Challenge41_ECTH_vs_OTTO,_5-1,_1.09v2beta.rar
```diff

- Challenge № 41
- Update 2020-12-23
Notes: 

Let the challenges continue!

```------------------------------------
\Challenge42_ZORBA_vs_MEWTWO,_5-0,_1.09v2beta.rar
```diff

- Challenge № 42
- Update 2020-12-25
Notes: 

Let the challenges continue!

```------------------------------------
\Challenge43_OTTO_vs_ZORBA,_5-3,_1.09v2beta.rar
```diff

- Challenge № 43
- Update 2020-12-25
Notes: 

Let the challenges continue!

```------------------------------------
\Challenge44_LAU_vs_ECTH,_5-2,_1.09v2beta.rar
```diff

- Challenge № 44
- Update 2020-12-27
Notes: 

Let the challenges continue!

```------------------------------------
\Challenge45_HITMACHINE_vs_IMPERIALIST,_0-0,_KICK_ADD_MODE.rar
```diff

- Challenge № 45
- Update 2020-12-27
Notes: 

Let the challenges continue!

```------------------------------------
\Challenge46_SAURON_vs_OTTO,_5-0,_1.09v2beta.rar
```diff

- Challenge № 46
- Update 2020-12-28
Notes: 

Let the challenges continue!

```------------------------------------
\Challenge47_OTTO_vs_MUSTAFA,_5-3,_1.09v2beta.rar
```diff

- Challenge № 47
- Update 2020-12-28
Notes: 

Let the challenges continue!

```------------------------------------
\Challenge48_ECTH_vs_MUSTAFA,_5-2,_1.09v2beta.rar
```diff

- Challenge № 48
- Update 2021-01-03
Notes: 

Let the challenges continue!

```------------------------------------
\Challenge49_SAURON_vs_ECTH,_5-1,_1.09v2beta.rar
```diff

- Challenge № 49
- Update 2021-01-03
Notes: 

Let the challenges continue!

```------------------------------------
\Challenge50_SAURON_vs_ECTH,_5-2,_1.09v2beta.rar
```diff

- Challenge № 50
- Update 2021-01-14
Notes: 

Let the challenges continue!

```------------------------------------
\Challenge51_PIKACHU_vs_AHWE,_4-1,_1.09v2.rar
```diff

- Challenge № 51
- Update 2021-01-27
Notes: 

Let the challenges continue!

```------------------------------------
\Challenge52_LUXUS_vs_HITMACHINE,_0-0,_KICK_ADD_MODE.rar
```diff

- Challenge № 52
- Update 2021-02-23
Notes: 

Let the challenges continue!

```------------------------------------
\Challenge53_DOBBY_vs_AHWE,_0-0,_KICK_ADD_MODE.rar
```diff

- Challenge № 53
- Update 2021-02-23
Notes: Ahwe dodged.

Let the challenges continue!

```------------------------------------
\Challenge54_DOBBY_vs_TEMPT,_0-0,_NO_SCORE_MODE.rar
```diff

- Challenge № 54
- Update 2021-02-23
Notes: 

Let the challenges continue!

```------------------------------------
\Challenge55_SAURON_vs_LUXUS,_5-1,_1.09v2.rar
```diff

- Challenge № 55
- Update 2021-02-24
Notes: 

Let the challenges continue!

```------------------------------------
\Challenge56_OTTO_vs_LAU,_2-1,_1.09v2.rar
```diff

- Challenge № 56
- Update 2021-02-24
Notes: 

Let the challenges continue!

```------------------------------------
\Challenge57_ECTH_vs_LUXUS,_3-0,_1.09v2.rar
```diff

- Challenge № 57
- Update 2021-03-01
Notes: 

Let the challenges continue!

```------------------------------------
\Challenge58_DOBBY_vs_GOSPURE,_5-2,_1.09v2.rar
```diff

- Challenge № 58
- Update 2021-03-01
Notes: 

Let the challenges continue!

```------------------------------------
\Challenge59_ECTH_vs_DOBBY,_5-0,_1.09v2.rar
```diff

- Challenge № 59
- Update 2021-03-01
Notes: 

Let the challenges continue!

```------------------------------------
\Challenge60_GOSPURE_vs_TEMPT,_0-0,_NO_SCORE_MODE.rar
```diff

- Challenge № 60
- Update 2021-02-23
Notes: 

Let the challenges continue!

```------------------------------------
\Challenge61_ECTH_vs_DOBBY,_5-0,_1.09v2.rar
```diff

- Challenge № 61
- Update 2021-03-02
Notes: 

Let the challenges continue!

```------------------------------------
\Challenge62_LUXUS_vs_GOSPURE,_5-0,_1.09v2.rar
```diff

- Challenge № 62
- Update 2021-03-02
Notes: 

Let the challenges continue!

```------------------------------------
\Challenge63_GOSPURE_vs_DOBBY,_5-2,_1.09v2.rar
```diff

- Challenge № 63
- Update 2021-03-03
Notes: 

Let the challenges continue!

```------------------------------------
\Challenge64_ECTH_vs_LUXUS,_5-1,_1.09v2.rar
```diff

- Challenge № 64
- Update 2021-03-03
Notes: 

Let the challenges continue!

```------------------------------------
\Challenge65_ECTH_vs_GOSPURE,_5-0,_1.09v2.rar
```diff

- Challenge № 65
- Update 2021-03-04
Notes: 

Let the challenges continue!

```------------------------------------
\Challenge66_SAURON_vs_ECTH,_5-0,_1.09v2.rar
```diff

- Challenge № 66
- Update 2021-03-05
Notes: 

Let the challenges continue!

```------------------------------------
\Challenge67_ECTH_vs_LAU,_5-1,_1.09v2.rar
```diff

- Challenge № 67
- Update 2021-03-05
Notes: 

Let the challenges continue!

```------------------------------------
\Challenge68_ECTH_vs_OTTO,_5-3,_1.09v2.rar
```diff

- Challenge № 68
- Update 2021-03-06
Notes: 

Let the challenges continue!

```------------------------------------
\Challenge69_LUXUS_vs_ANDY,_5-0,_1.09v2.rar
```diff

- Challenge № 69
- Update 2021-03-07
Notes: 

Let the challenges continue!

```------------------------------------
\Challenge70_LUXUS_vs_ZORBA,_2-0,_1.09v2.rar
```diff

- Challenge № 70
- Update 2021-03-07
Notes: 

Let the challenges continue!

```------------------------------------
\Challenge71_DOBBY_vs_GOSPURE,_5-2,_1.09v2.rar
```diff

- Challenge № 71
- Update 2021-03-09
Notes: 

Let the challenges continue!

```------------------------------------
\Challenge72_LUXUS_vs_DOBBY,_5-3,_1.09v2.rar
```diff

- Challenge № 72
- Update 2021-03-09
Notes: 

Let the challenges continue!

```------------------------------------
\Challenge73_MISHA_vs_PIKACHU,_0-0,_KICK_ADD_MODE.rar
```diff

- Challenge № 73
- Update 2021-03-09
Notes: 

Let the challenges continue!

```------------------------------------
\Challenge74_ANDY_vs_ZORBA,_0-0,_KICK_ADD_MODE.rar
```diff

- Challenge № 74
- Update 2021-03-09
Notes: imperious asked to be removed cuz no pc

Let the challenges continue!

```------------------------------------
\Challenge75_AHWE_vs_MUSTAFA,_0-0,_KICK_ADD_MODE.rar
```diff

- Challenge № 75
- Update 2021-03-11
Notes: 

Let the challenges continue!

```------------------------------------
\Challenge76_TEMPT_vs_LAU,_0-0,_KICK_ADD_MODE.rar
```diff

- Challenge № 76
- Update 2021-03-11
Notes: lau also refuses to accept challenge from other players.

Let the challenges continue!

```------------------------------------
\Challenge77_MISHA_vs_CASPER,_5-3,_1.09v2.rar
```diff

- Challenge № 77
- Update 2021-03-15
Notes: 

Let the challenges continue!

```------------------------------------
\Challenge78_TEMPT_vs_ANDY,_5-4,_1.09v2.rar
```diff

- Challenge № 78
- Update 2021-03-15
Notes: don't feed the temptfag

Let the challenges continue!

```------------------------------------
\Challenge79_ECTH_vs_OTTO,_4-2,_1.09v2.rar
```diff

- Challenge № 79
- Update 2021-03-16
Notes: 

Let the challenges continue!

```------------------------------------
\Challenge80_LUXUS_vs_ECTH,_2-1,_1.09v2.rar
```diff

- Challenge № 80
- Update 2021-03-16
Notes: 

Let the challenges continue!

```------------------------------------
\Challenge81_ANDY_vs_JEDGAR,_5-0,_1.09v2.rar
```diff

- Challenge № 81
- Update 2021-03-18
Notes: 

Let the challenges continue!

```------------------------------------
\Challenge82_ECTH_vs_DOBBY,_5-0,_1.09v2.rar
```diff

- Challenge № 82
- Update 2021-03-19
Notes: 

Let the challenges continue!

```------------------------------------
\Challenge83_GOSPURE_vs_DOBBY,_0-0,_NO_SCORE_MODE.rar
```diff

- Challenge № 83
- Update 2021-03-22
Notes: 

Let the challenges continue!

```------------------------------------
\Challenge84_GANNICUS_vs_DOBBY,_0-0,_KICK_ADD_MODE.rar
```diff

- Challenge № 84
- Update 2021-03-22
Notes: dobby asked to be removed from the list.

Let the challenges continue!

```------------------------------------
\Challenge85_TEMPT_vs_MISHA,_5-4,_1.09v2.rar
```diff

- Challenge № 85
- Update 2021-03-22
Notes: 

Let the challenges continue!

```------------------------------------
\Challenge86_LUXUS_vs_ECTH,_5-2,_1.09v2.rar
```diff

- Challenge № 86
- Update 2021-03-22
Notes: 

Let the challenges continue!

```------------------------------------
\Challenge87_ECTH_vs_OTTO,_5-4,_1.09v2.rar
```diff

- Challenge № 87
- Update 2021-03-22
Notes: 

Let the challenges continue!

```------------------------------------
\Challenge88_ECTH_vs_SAURON,_5-3,_1.09v2.rar
```diff

- Challenge № 88
- Update 2021-03-23
Notes: 

Let the challenges continue!

```------------------------------------
\Challenge89_LUXUS_vs_GOSPURE,_5-3,_1.09v2.rar
```diff

- Challenge № 89
- Update 2021-03-23
Notes: 

Let the challenges continue!

```------------------------------------
\Challenge90_LUXUS_vs_NATHAN,_5-1,_1.09v2.rar
```diff

- Challenge № 90
- Update 2021-03-28
Notes: 

Let the challenges continue!

```------------------------------------
\Challenge91_LUXUS_vs_ECTH,_5-2,_1.09v2.rar
```diff

- Challenge № 91
- Update 2021-03-29
Notes: 

Let the challenges continue!

```------------------------------------
\Challenge92_MISHA_vs_OTTO,_0-0,_NO_SCORE_MODE.rar
```diff

- Challenge № 92
- Update 2021-04-01
Notes: 

Let the challenges continue!

```------------------------------------
\Challenge93_HALET_vs_TEMPT,_0-0,_NO_SCORE_MODE.rar
```diff

- Challenge № 93
- Update 2021-04-01
Notes: 

Let the challenges continue!

```------------------------------------
\Challenge94_GANNICUS_vs_TEMPT,_0-0,_KICK_ADD_MODE.rar
```diff

- Challenge № 94
- Update 2021-04-01
Notes: tempt asked to be removed from the list.

Let the challenges continue!

```------------------------------------
\Challenge95_NATHAN_vs_ANDY,_5-3,_1.09v2.rar
```diff

- Challenge № 95
- Update 2021-04-01
Notes: 

Let the challenges continue!

```------------------------------------
\Challenge96_NATHAN_vs_MISHA,_5-1,_1.09v2.rar
```diff

- Challenge № 96
- Update 2021-04-02
Notes: 

Let the challenges continue!

```------------------------------------
\Challenge97_ANDY_vs_MISHA,_5-4,_1.09v2.rar
```diff

- Challenge № 97
- Update 2021-04-02
Notes: 

Let the challenges continue!

```------------------------------------
\Challenge98_HALET_vs_JEDGAR,_5-0,_1.09v2.rar
```diff

- Challenge № 98
- Update 2021-04-03
Notes: 

Let the challenges continue!

```------------------------------------
\Challenge99_GOSPURE_vs_ANDY,_4-2,_1.09v2.rar
```diff

- Challenge № 99
- Update 2021-04-08
Notes: 

Let the challenges continue!

```------------------------------------
\Challenge100_GOSPURE_vs_NATHAN,_5-2,_1.09v2.rar
```diff

- Challenge № 100
- Update 2021-04-11
Notes: 

Let the challenges continue!

```------------------------------------
\Challenge101_MISHA_vs_HALET,_5-0,_1.09v2.rar
```diff

- Challenge № 101
- Update 2021-04-13
Notes: 

Let the challenges continue!

```------------------------------------
\Challenge102_MISHA_vs_OTTO,_5-3,_1.09v2.rar
```diff

- Challenge № 102
- Update 2021-04-21
Notes: 

Let the challenges continue!

```------------------------------------
\Challenge103_MISHA_vs_OTTO,_5-4,_1.09v2.rar
```diff

- Challenge № 103
- Update 2021-04-23
Notes: 

Let the challenges continue!

```------------------------------------
\Challenge104_ECTH_vs_LUXUS,_5-4,_1.09v2.rar
```diff

- Challenge № 104
- Update 2021-04-23
Notes: 

Let the challenges continue!

```------------------------------------
\Challenge105_OTTO_vs_NATHAN,_5-1,_1.09v2.rar
```diff

- Challenge № 105
- Update 2021-04-24
Notes: 

Let the challenges continue!

```------------------------------------
\Challenge106_HALET_vs_MISHA,_5-3,_1.09v2.rar
```diff

- Challenge № 106
- Update 2021-04-26
Notes: 

Let the challenges continue!

```------------------------------------
\Challenge107_OTTO_vs_GOSPURE,_0-0,_NO_SCORE_MODE.rar
```diff

- Challenge № 107
- Update 2021-05-11
Notes: 

Let the challenges continue!

```------------------------------------
\Challenge108_ECTH_vs_KURDISH,_5-2,_1.09v2.rar
```diff

- Challenge № 108
- Update 2021-05-17
Notes: 

Let the challenges continue!

```------------------------------------
\Challenge109_SAURON_vs_ECTH,_5-1,_1.09v2.rar
```diff

- Challenge № 109
- Update 2021-05-24
Notes: 

Let the challenges continue!

```------------------------------------
\Challenge110_PIKACHU_vs_AHWE,_0-0,_KICK_ADD_MODE.rar
```diff

- Challenge № 110
- Update 2021-05-24
Notes: 

Let the challenges continue!

```------------------------------------
\Challenge111_MISHA_vs_ENUMA,_5-1,_1.09v2.rar
```diff

- Challenge № 111
- Update 2021-05-25
Notes: 

Let the challenges continue!

```------------------------------------
\Challenge112_HALET_vs_LOLO,_5-1,_1.09v2.rar
```diff

- Challenge № 112
- Update 2021-05-25
Notes: 

Let the challenges continue!

```------------------------------------
\Challenge113_MUSTAFA_vs_ANDY,_0-0,_KICK_ADD_MODE.rar
```diff

- Challenge № 113
- Update 2021-05-25
Notes: Undy asked to be removed.

Let the challenges continue!

```------------------------------------
\Challenge114_ECTH_vs_OTTO,_5-1,_1.09v2.rar
```diff

- Challenge № 114
- Update 2021-05-31
Notes: 

Let the challenges continue!

```------------------------------------
\Challenge115_DOBBY_vs_MISHA,_0-0,_NO_SCORE_MODE.rar
```diff

- Challenge № 115
- Update 2021-05-31
Notes: 

Let the challenges continue!

```------------------------------------
\Challenge116_DOBBY_vs_GOSPURE,_0-0,_NO_SCORE_MODE.rar
```diff

- Challenge № 116
- Update 2021-06-02
Notes: 

Let the challenges continue!

```------------------------------------
\Challenge117_ECTH_vs_OTTO,_5-1,_1.09v2.rar
```diff

- Challenge № 117
- Update 2021-06-03
Notes: 

Let the challenges continue!

```------------------------------------
\Challenge118_DOBBY_vs_SAURON,_0-0,_NO_SCORE_MODE.rar
```diff

- Challenge № 118
- Update 2021-06-04
Notes: 

Let the challenges continue!

```------------------------------------
\Challenge119_ECTH_vs_DOBBY,_5-0,_1.09v2.rar
```diff

- Challenge № 119
- Update 2021-06-04
Notes: 

Let the challenges continue!

```------------------------------------
\Challenge120_DOBBY_vs_OTTO,_5-3,_1.09v2.rar
```diff

- Challenge № 120
- Update 2021-06-09
Notes: 

Let the challenges continue!

```------------------------------------
\Challenge121_DOBBY_vs_ECTH,_0-0,_NO_SCORE_MODE.rar
```diff

- Challenge № 121
- Update 2021-06-11
Notes: 

Let the challenges continue!

```------------------------------------
\Challenge122_NINKA_vs_PIKACHU,_0-0,_NO_SCORE_MODE.rar
```diff

- Challenge № 122
- Update 2021-06-14
Notes: 

Let the challenges continue!

```------------------------------------
\Challenge123_OTTO_vs_DOBBY,_0-0,_NO_SCORE_MODE.rar
```diff

- Challenge № 123
- Update 2021-06-20
Notes: 

Let the challenges continue!

```------------------------------------
\Challenge124_LOLO_vs_NINKA,_3-0,_1.09v2.rar
```diff

- Challenge № 124
- Update 2021-06-20
Notes: 

Let the challenges continue!

```------------------------------------
\Challenge125_MISHA_vs_LOLO,_5-1,_1.09v2.rar
```diff

- Challenge № 125
- Update 2021-06-20
Notes: 

Let the challenges continue!

```------------------------------------
\Challenge126_ECTH_vs_OTTO,_0-0,_NO_SCORE_MODE.rar
```diff

- Challenge № 126
- Update 2021-07-06
Notes: 

Let the challenges continue!

```------------------------------------
\Challenge127_LOLO_vs_JONES,_5-2,_1.09v2.rar
```diff

- Challenge № 127
- Update 2021-07-14
Notes: 

Let the challenges continue!

```------------------------------------
\Challenge128_LUXUS_vs_ECTH,_0-0,_NO_SCORE_MODE.rar
```diff

- Challenge № 128
- Update 2021-07-18
Notes: 

Let the challenges continue!

```------------------------------------
\Challenge129_NATHAN_vs_LOLO,_5-2,_1.09v2.rar
```diff

- Challenge № 129
- Update 2021-07-19
Notes: 

Let the challenges continue!

```------------------------------------
\Challenge130_ECTH_vs_LUXUS,_0-0,_NO_SCORE_MODE.rar
```diff

- Challenge № 130
- Update 2021-07-27
Notes: 

Let the challenges continue!

```------------------------------------
\Challenge131_ECTH_vs_SAURON,_5-4,_1.09v2.rar
```diff

- Challenge № 131
- Update 2021-08-01
Notes: 

Let the challenges continue!

```------------------------------------
\Challenge132_ANDY_vs_OTTO,_5-3,_1.09v2.rar
```diff

- Challenge № 132
- Update 2021-08-01
Notes: 

Let the challenges continue!

```------------------------------------
\Challenge133_ANDY_vs_LOLO,_5-3,_1.09v2.rar
```diff

- Challenge № 133
- Update 2021-08-04
Notes: 

Let the challenges continue!

```------------------------------------
\Challenge134_LOLO_vs_GOSPURE,_0-0,_KICK_ADD_MODE.rar
```diff

- Challenge № 134
- Update 2021-08-04
Notes: 

Let the challenges continue!

```------------------------------------
\Challenge135_IMPERIALIST_vs_LOLO,_5-0,_1.09v2.rar
```diff

- Challenge № 135
- Update 2021-08-05
Notes: 

Let the challenges continue!

```------------------------------------
\Challenge136_IMPERIALIST_vs_ENUMA,_5-2,_1.09v2.rar
```diff

- Challenge № 136
- Update 2021-08-05
Notes: 

Let the challenges continue!

```------------------------------------
\Challenge137_LOLO_vs_DOBBY,_0-0,_KICK_ADD_MODE.rar
```diff

- Challenge № 137
- Update 2021-08-11
Notes: Dobby himself asked to be removed from the list.

Let the challenges continue!

```------------------------------------
\Challenge138_ANDY_vs_ENUMA,_3-0,_1.09v2.rar
```diff

- Challenge № 138
- Update 2021-08-11
Notes: 

Let the challenges continue!

```------------------------------------
\Challenge139_LOLO_vs_ECTH,_5-4,_1.09v2.rar
```diff

- Challenge № 139
- Update 2021-08-12
Notes: 

Let the challenges continue!

```------------------------------------
\Challenge140_ECTH_vs_LOLO,_5-1,_1.09v3beta30.rar
```diff

- Challenge № 140
- Update 2021-08-14
Notes: 

Let the challenges continue!

```------------------------------------
\Challenge141_ECTH_vs_ANDY,_4-2,_1.09v3beta30.rar
```diff

- Challenge № 141
- Update 2021-08-16
Notes: 

Let the challenges continue!

```------------------------------------
\Challenge142_OTTO_vs_LOLO,_5-1,_1.09v2.rar
```diff

- Challenge № 142
- Update 2021-08-16
Notes: 

Let the challenges continue!

```------------------------------------
\Challenge143_SAURON_vs_ECTH,_5-2,_1.09v3beta30.rar
```diff

- Challenge № 143
- Update 2021-08-18
Notes: 

Let the challenges continue!

```------------------------------------
\Challenge144_LOLO_vs_MUSTAFA,_5-1,_1.09v3beta30.rar
```diff

- Challenge № 144
- Update 2021-08-21
Notes: 

Let the challenges continue!

```------------------------------------
\Challenge145_ANDY_vs_LOLO,_5-1,_1.09v2.rar
```diff

- Challenge № 145
- Update 2021-08-23
Notes: 

Let the challenges continue!

```------------------------------------
\Challenge146_HALET_vs_DOBBY,_5-2,_1.09v2.rar
```diff

- Challenge № 146
- Update 2021-09-01
Notes: 

Let the challenges continue!

```------------------------------------
\Challenge147_YODA_vs_HALET,_0-0,_NO_SCORE_MODE.rar
```diff

- Challenge № 147
- Update 2021-09-07
Notes: 

Let the challenges continue!

```------------------------------------
\Challenge148_LUXUS_vs_SAURON,_5-3,_1.09v3beta30.rar
```diff

- Challenge № 148
- Update 2021-09-10
Notes: 

Let the challenges continue!

```------------------------------------
\Challenge149_OTTO_vs_ECTH,_5-3,_1.09v3beta30.rar
```diff

- Challenge № 149
- Update 2021-09-10
Notes: 

Let the challenges continue!

```------------------------------------
\Challenge150_ANDY_vs_MUSTAFA,_5-0,_1.09v3beta30.rar
```diff

- Challenge № 150
- Update 2021-09-10
Notes: 

Let the challenges continue!

```------------------------------------
\Challenge151_LOLO_vs_YODA,_5-0,_1.09v2.rar
```diff

- Challenge № 151
- Update 2021-09-12
Notes: 

Let the challenges continue!

```------------------------------------
\Challenge152_ANDY_vs_ECTH,_5-0,_1.09v2.rar
```diff

- Challenge № 152
- Update 2021-09-13
Notes: 

Let the challenges continue!

```------------------------------------
\Challenge153_ECTH_vs_LUXUS,_0-0,_NO_SCORE_MODE.rar
```diff

- Challenge № 153
- Update 2021-09-20
Notes: 

Let the challenges continue!

```------------------------------------
\Challenge154_OTTO_vs_LUXUS,_0-0,_NO_SCORE_MODE.rar
```diff

- Challenge № 154
- Update 2021-09-22
Notes: 

Let the challenges continue!

```------------------------------------
\Challenge155_ANDY_vs_LUXUS,_0-0,_NO_SCORE_MODE.rar
```diff

- Challenge № 155
- Update 2021-09-27
Notes: 

Let the challenges continue!

```------------------------------------
\Challenge156_ECTH_vs_OTTO,_5-3,_1.09v3beta31.rar
```diff

- Challenge № 156
- Update 2021-10-06
Notes: 

Let the challenges continue!

```------------------------------------
\Challenge157_DOBBY_vs_HALET,_0-0,_NO_SCORE_MODE.rar
```diff

- Challenge № 157
- Update 2021-10-11
Notes: 

Let the challenges continue!

```------------------------------------
\Challenge158_OTTO_vs_ECTH,_4-1,_1.09v2.rar
```diff

- Challenge № 158
- Update 2021-10-11
Notes: 

Let the challenges continue!

```------------------------------------
\Challenge159_ENUMA_vs_YODA,_0-0,_NO_SCORE_MODE.rar
```diff

- Challenge № 159
- Update 2021-10-16
Notes: 

Let the challenges continue!

```------------------------------------
\Challenge160_DOBBY_vs_SAURON,_0-0,_NO_SCORE_MODE.rar
```diff

- Challenge № 160
- Update 2021-10-16
Notes: 

Let the challenges continue!

```------------------------------------
\Challenge161_IMPERIALIST_vs_ECTH,_0-0,_KICK_ADD_MODE.rar
```diff

- Challenge № 161
- Update 2021-10-16
Notes: ecth asked to be removed from the list

Let the challenges continue!

```------------------------------------
\Challenge162_OTTO_vs_DOBBY,_5-4,_1.09v2.rar
```diff

- Challenge № 162
- Update 2021-10-16
Notes: 

Let the challenges continue!

```------------------------------------
\Challenge163_LUXUS_vs_SAURON,_5-3,_1.09v2.rar
```diff

- Challenge № 163
- Update 2021-10-18
Notes: 

Let the challenges continue!

```------------------------------------
\Challenge164_LUXUS_vs_DOBBY,_3-0,_1.09v2.rar
```diff

- Challenge № 164
- Update 2021-10-19
Notes: 

Let the challenges continue!

```------------------------------------
\Challenge165_OTTO_vs_ANDY,_5-3,_1.09v2.rar
```diff

- Challenge № 165
- Update 2021-10-20
Notes: 

Let the challenges continue!

```------------------------------------
\Challenge166_OTTO_vs_ANDY,_5-4,_1.09v3beta33.rar
```diff

- Challenge № 166
- Update 2021-11-04
Notes: 

Let the challenges continue!

```------------------------------------
\Challenge167_OTTO_vs_ECTH,_5-1,_1.09v3beta33.rar
```diff

- Challenge № 167
- Update 2021-11-12
Notes: 

Let the challenges continue!

```------------------------------------
\Challenge168_ECTH_vs_YODA,_0-0,_NO_SCORE_MODE.rar
```diff

- Challenge № 168
- Update 2021-11-16
Notes: 

Let the challenges continue!

```------------------------------------
\Challenge169_ECTH_vs_NATHAN,_0-0,_NO_SCORE_MODE.rar
```diff

- Challenge № 169
- Update 2021-11-23
Notes: 

Let the challenges continue!

```------------------------------------
\Challenge170_ECTH_vs_HITMACHINE,_6-1,_1.09v2.rar
```diff

- Challenge № 170
- Update 2021-11-25
Notes: 

Let the challenges continue!

```------------------------------------
\Challenge171_MISHA_vs_ECTH,_5-2,_1.09v2.rar
```diff

- Challenge № 171
- Update 2021-12-12
Notes: 

Let the challenges continue!

```------------------------------------
\Challenge172_ENUMA_vs_IMPERIALIST,_0-0,_KICK_ADD_MODE.rar
```diff

- Challenge № 172
- Update 2021-12-12
Notes: 

Let the challenges continue!

```------------------------------------
\Challenge173_ENUMA_vs_ECTH,_5-2,_1.09v2.rar
```diff

- Challenge № 173
- Update 2022-02-21
Notes: 

Let the challenges continue!

```------------------------------------
\Challenge174_KURDISH_vs_NATHAN,_0-0,_KICK_ADD_MODE.rar
```diff

- Challenge № 174
- Update 2022-02-25
Notes: 

Let the challenges continue!

```------------------------------------
\Challenge175_ECTH_vs_LOLO,_5-3,_1.09v2.rar
```diff

- Challenge № 175
- Update 2022-03-10
Notes: 

Let the challenges continue!

```------------------------------------
\Challenge176_ECTH_vs_LOLO,_5-0,_1.09v2.rar
```diff

- Challenge № 176
- Update 2022-03-18
Notes: 

Let the challenges continue!

```------------------------------------
\Challenge177_ECTH_vs_SAURON,_0-0,_NO_SCORE_MODE.rar
```diff

- Challenge № 177
- Update 2022-03-31
Notes: 

Let the challenges continue!

```------------------------------------
\Challenge178_ECTH_vs_DOBBY,_0-0,_NO_SCORE_MODE.rar
```diff

- Challenge № 178
- Update 2022-04-09
Notes: 

Let the challenges continue!

```------------------------------------
\Challenge179_ANDY_vs_ECTH,_5-1,_1.09v3beta45.rar
```diff

- Challenge № 179
- Update 2022-05-21
Notes: 

Let the challenges continue!

```------------------------------------
\Challenge180_ANDY_vs_ECTH,_5-0,_1.09v3beta45a1.rar
```diff

- Challenge № 180
- Update 2022-06-27
Notes: 

Let the challenges continue!

```------------------------------------
\Challenge181_ANDY_vs_LOLO,_5-3,_1.09v2.rar
```diff

- Challenge № 181
- Update 2022-07-01
Notes: 

Let the challenges continue!

```------------------------------------
\Challenge182_ECTH_vs_ENUMA,_5-2,_1.09v2.rar
```diff

- Challenge № 182
- Update 2022-07-04
Notes: 

Let the challenges continue!

```------------------------------------
\Challenge183_SAURON_vs_ECTH,_4-0,_1.09v3b47.rar
```diff

- Challenge № 183
- Update 2022-07-16
Notes: 

Let the challenges continue!

```------------------------------------
\Challenge184_OTTO_vs_ANDY,_5-4,_1.09v3b47.rar
```diff

- Challenge № 184
- Update 2022-07-17
Notes: 

Let the challenges continue!

```------------------------------------
\Challenge185_ENUMA_vs_GRENDAL,_4-0,_1.09v3b56.rar
```diff

- Challenge № 185
- Update 2022-11-25
Notes: 

Let the challenges continue!

```------------------------------------
\Challenge186_ENUMA_vs_MUSTAFA,_4-1,_1.09v3b56.rar
```diff

- Challenge № 186
- Update 2022-12-31
Notes: 

Let the challenges continue!

```------------------------------------
\Challenge187_ECTH_vs_ANDY,_5-2,_1.09v3b58.rar
```diff

- Challenge № 187
- Update 2023-03-02
Notes: 

Let the challenges continue!

```------------------------------------
\Challenge188_ECTH_vs_ANDY,_5-3,_1.09v3b58.rar
```diff

- Challenge № 188
- Update 2023-03-06
Notes: 

Let the challenges continue!

```------------------------------------
\Challenge189_ECTH_vs_LOLO,_5-0,_1.09v3b58.rar
```diff

- Challenge № 189
- Update 2023-04-12
Notes: 

Let the challenges continue!

```------------------------------------
\Challenge190_ECTH_vs_MISHA,_5-1,_1.09v3b59.rar
```diff

- Challenge № 190
- Update 2023-04-29
Notes: 

Let the challenges continue!

```------------------------------------
\Challenge191_THORIN_vs_LUXUS,_0-0,_KICK_ADD_MODE.rar
```diff

- Challenge № 191
- Update 2023-04-29
Notes: 

Let the challenges continue!

```------------------------------------
\Challenge192_NINKA_vs_DOBBY,_0-0,_KICK_ADD_MODE.rar
```diff

- Challenge № 192
- Update 2023-04-29
Notes: 

Let the challenges continue!

```------------------------------------
\Challenge193_SAURON_vs_ECTH,_4-3,_1.09v3b59.rar
```diff

- Challenge № 193
- Update 2023-04-29
Notes: 

Let the challenges continue!

```------------------------------------
\Challenge194_LOLO_vs_ANDY,_5-3,_1.09v3b60.rar
```diff

- Challenge № 194
- Update 2023-07-20
Notes: 

Let the challenges continue!

```------------------------------------
\Challenge195_LOLO_vs_MISHA,_5-3,_1.09v3b60.2.rar
```diff

- Challenge № 195
- Update 2023-08-06
Notes: 

Let the challenges continue!

```------------------------------------
\Challenge196_MISHA_vs_ECTH,_5-2,_1.09v3b60.2.rar
```diff

- Challenge № 196
- Update 2023-08-06
Notes: 

Let the challenges continue!

```------------------------------------
\Challenge197_ANDY_vs_OTTO,_5-1,_1.09v3b60.2.rar
```diff

- Challenge № 197
- Update 2023-08-31
Notes: 

Let the challenges continue!

```------------------------------------
\Challenge198_ECTH_vs_MISHA,_6-4,_1.09v3b60.2.rar
```diff

- Challenge № 198
- Update 2023-09-03
Notes: 

Let the challenges continue!

```------------------------------------
\Challenge199_OTTO_vs_MISHA,_5-0,_1.09v3b60.2.rar
```diff

- Challenge № 199
- Update 2023-09-05
Notes: 

Let the challenges continue!

```------------------------------------
\Challenge200_LOLO_vs_OTTO,_10-1,_1.09v3b60.2.rar
```diff

- Challenge № 200
- Update 2023-09-10
Notes: Lothlorien has took over Arch's place by overkill! It was also agreed Archangel would be demoted to tier 5 untill Guerrilla shows up to restore balance in earth and discord.

Let the challenges continue!

```------------------------------------
\Challenge201_MISHA_vs_OTTO,_5-3,_1.09v3b60.2.rar
```diff

- Challenge № 201
- Update 2023-09-12
Notes: 

Let the challenges continue!

```------------------------------------
\Challenge202_MISHA_vs_OTTO,_5-1,_1.09v3b60.4.rar
```diff

- Challenge № 202
- Update 2023-09-15
Notes: 

Let the challenges continue!

```------------------------------------
\Challenge203_MISHA_vs_OTTO,_5-4,_1.09v3b60.4.rar
```diff

- Challenge № 203
- Update 2023-09-18
Notes: 

Let the challenges continue!

```------------------------------------
\Challenge204_MISHA_vs_OTTO,_5-4,_1.09v3b60.4.rar
```diff

- Challenge № 204
- Update 2023-09-19
Notes: 

Let the challenges continue!

```------------------------------------
\Challenge205_ECTH_vs_MISHA,_5-3,_1.09v3b60.4.rar
```diff

- Challenge № 205
- Update 2023-09-24
Notes: 

Let the challenges continue!

```------------------------------------
\Challenge206_MISHA_vs_OTTO,_5-3,_1.09v3b60.4.rar
```diff

- Challenge № 206
- Update 2023-09-26
Notes: 

Let the challenges continue!

```------------------------------------
\Challenge207_OTTO_vs_MISHA,_5-4,_1.09v3b60.4.rar
```diff

- Challenge № 207
- Update 2023-09-29
Notes: 

Let the challenges continue!

```------------------------------------
\Challenge208_MISHA_vs_ECTH,_5-2,_1.09v3b60.4.rar
```diff

- Challenge № 208
- Update 2023-09-30
Notes: 

Let the challenges continue!

```------------------------------------
\Challenge209_ANDY_vs_MISHA,_5-4,_1.09v3b60.4.rar
```diff

- Challenge № 209
- Update 2023-10-01
Notes: 

Let the challenges continue!

```------------------------------------
\Challenge210_ECTH_vs_OTTO,_5-3,_1.09v3b60.4.rar
```diff

- Challenge № 210
- Update 2023-10-02
Notes: 

Let the challenges continue!

```------------------------------------
\Challenge211_ECTH_vs_OTTO,_5-3,_1.09v3b60.4.rar
```diff

- Challenge № 211
- Update 2023-10-02
Notes: 

Let the challenges continue!

```------------------------------------
\Challenge212_MISHA_vs_ECTH,_5-4,_1.09v3b60.4.rar
```diff

- Challenge № 212
- Update 2023-10-02
Notes: 

Let the challenges continue!

```------------------------------------
\Challenge213_OTTO_vs_MISHA,_5-0,_1.09v3b60.4.rar
```diff

- Challenge № 213
- Update 2023-10-04
Notes: 

Let the challenges continue!

```------------------------------------
\Challenge214_ANDY_vs_OTTO,_5-4,_1.09v3b60.4.rar
```diff

- Challenge № 214
- Update 2023-10-05
Notes: 

Let the challenges continue!

```------------------------------------
\Challenge215_MISHA_vs_GRENDAL,_4-0,_1.09v3b60.4.rar
```diff

- Challenge № 215
- Update 2023-10-08
Notes: 

Let the challenges continue!

```------------------------------------
\Challenge216_RAINY_vs_THORIN,_0-0,_KICK_ADD_MODE.rar
```diff

- Challenge № 216
- Update 2023-10-08
Notes: 

Let the challenges continue!

```------------------------------------
\Challenge217_GRENDAL_vs_NINKA,_0-0,_KICK_ADD_MODE.rar
```diff

- Challenge № 217
- Update 2023-10-08
Notes: 

Let the challenges continue!

```------------------------------------
\Challenge218_MISHA_vs_OTTO,_5-1,_1.09v3b60.4.rar
```diff

- Challenge № 218
- Update 2023-10-08
Notes: 

Let the challenges continue!

```------------------------------------
\Challenge219_MISHA_vs_OTTO,_5-2,_1.09v3b60.7.rar
```diff

- Challenge № 219
- Update 2023-10-08
Notes: 

Let the challenges continue!

```------------------------------------
\Challenge220_OTTO_vs_ANDY,_3-1,_1.09v3b60.7.rar
```diff

- Challenge № 220
- Update 2023-10-09
Notes: 

Let the challenges continue!

```------------------------------------
\Challenge221_ECTH_vs_OTTO,_5-4,_1.09v3b60.7.rar
```diff

- Challenge № 221
- Update 2023-10-16
Notes: 

Let the challenges continue!

```------------------------------------
\Challenge222_MISHA_vs_ECTH,_5-0,_1.09v3b60.8.rar
```diff

- Challenge № 222
- Update 2023-10-16
Notes: 

Let the challenges continue!

```------------------------------------
\Challenge223_MISHA_vs_OTTO,_5-2,_1.09v3b60.8.rar
```diff

- Challenge № 223
- Update 2023-10-16
Notes: 

Let the challenges continue!

```------------------------------------
\Challenge224_MISHA_vs_OTTO,_5-2,_1.09v3b60.8.rar
```diff

- Challenge № 224
- Update 2023-10-16
Notes: 

Let the challenges continue!

```------------------------------------
\Challenge225_ECTH_vs_MISHA,_5-4,_1.09v3b60.8.rar
```diff

- Challenge № 225
- Update 2023-10-21
Notes: 

Let the challenges continue!

```------------------------------------
\Challenge226_MISHA_vs_ECTH,_5-3,_1.09v3b60.8.rar
```diff

- Challenge № 226
- Update 2023-10-21
Notes: 

Let the challenges continue!

```------------------------------------
\Challenge227_MISHA_vs_OTTO,_5-3,_1.09v3b60.8.rar
```diff

- Challenge № 227
- Update 2023-10-22
Notes: A pack of 8 more replays are included, but not counted as challenge because they were played without neutral. FFG Score 5-3 for Misha aswell

Let the challenges continue!

```------------------------------------
\Challenge228_MISHA_vs_OTTO,_5-2,_1.09v3b60.8.rar
```diff

- Challenge № 228
- Update 2023-10-23
Notes: 

Let the challenges continue!

```------------------------------------
\Challenge229_MISHA_vs_OTTO,_5-4,_1.09v3b60.8.rar
```diff

- Challenge № 229
- Update 2023-10-24
Notes: Arch4ngel put a better fight this time. There's a great game inside this pack.

Let the challenges continue!

```------------------------------------
\Challenge230_GRENDAL_vs_RAINY,_5-3,_1.09v3b60.8.rar
```diff

- Challenge № 230
- Update 2023-10-25
Notes: 

Let the challenges continue!

```------------------------------------
\Challenge231_OTTO_vs_MISHA,_4-0,_1.09v3b60.9.rar
```diff

- Challenge № 231
- Update 2023-10-27
Notes: Let's see for how long Arch4 keeps this spot.

Let the challenges continue!

```------------------------------------
\Challenge232_OTTO_vs_MISHA,_5-4,_1.09v3b60.9.rar
```diff

- Challenge № 232
- Update 2023-11-05
Notes: ArCh4Ng3L has finally been able to defend against Vodischka retaliation and stay on the 1st spot

Let the challenges continue!

```------------------------------------
\Challenge233_MISHA_vs_OTTO,_5-3,_1.09v3b61.rar
```diff

- Challenge № 233
- Update 2023-11-06
Notes: 

Let the challenges continue!

```------------------------------------
\Challenge234_MISHA_vs_OTTO,_5-2,_1.09v3b61.rar
```diff

- Challenge № 234
- Update 2023-11-06
Notes: 

Let the challenges continue!

```------------------------------------
\Challenge235_MISHA_vs_OTTO,_5-2,_1.09v3b61.rar
```diff

- Challenge № 235
- Update 2023-11-07
Notes: 

Let the challenges continue!

```------------------------------------
\Challenge236_AHWE_vs_GRENDAL,_5-3,_1.09v3b60.9.rar
```diff

- Challenge № 236
- Update 2023-11-07
Notes: 

Let the challenges continue!

```------------------------------------
\Challenge237_MISHA_vs_OTTO,_5-2,_1.09v3b61.rar
```diff

- Challenge № 237
- Update 2023-11-07
Notes: 

Let the challenges continue!

```------------------------------------
\Challenge238_OTTO_vs_MISHA,_5-1,_1.09v3b61.rar
```diff

- Challenge № 238
- Update 2023-11-08
Notes: 

Let the challenges continue!

```------------------------------------
\Challenge239_ECTH_vs_MISHA,_5-3,_1.09v3b61.rar
```diff

- Challenge № 239
- Update 2023-11-10
Notes: 

Let the challenges continue!

```------------------------------------
\Challenge240_MISHA_vs_ECTH,_5-3,_1.09v3b61.rar
```diff

- Challenge № 240
- Update 2023-11-10
Notes: 

Let the challenges continue!

```------------------------------------
\Challenge241_OTTO_vs_ANDY,_5-2,_1.09v3b61.rar
```diff

- Challenge № 241
- Update 2023-11-12
Notes: 

Let the challenges continue!

```------------------------------------
\Challenge242_ECTH_vs_OTTO,_5-2,_1.09v3b61.rar
```diff

- Challenge № 242
- Update 2023-11-20
Notes: 

Let the challenges continue!

```------------------------------------
\Challenge243_ECTH_vs_OTTO,_5-0,_1.09v3b61.rar
```diff

- Challenge № 243
- Update 2023-11-24
Notes: 

Let the challenges continue!

```------------------------------------
\Challenge244_ECTH_vs_OTTO,_5-3,_1.09v3b61.rar
```diff

- Challenge № 244
- Update 2023-11-25
Notes: 

Let the challenges continue!

```------------------------------------
\Challenge245_ECTH_vs_OTTO,_5-0,_1.09v3b61.1.rar
```diff

- Challenge № 245
- Update 2023-12-08
Notes: 

Let the challenges continue!

```------------------------------------
\Challenge246_YUSUF_vs_OTTO,_5-0,_1.09v3b61.1.rar
```diff

- Challenge № 246
- Update 2023-12-13
Notes: why so essay?

Let the challenges continue!

```------------------------------------
\Challenge247_ECTH_vs_YUSUF,_5-3,_1.09v3b61.1.rar
```diff

- Challenge № 247
- Update 2023-12-19
Notes: Ez

Let the challenges continue!

```------------------------------------
\Challenge248_ANDY_vs_ECTH,_5-1,_1.09v3b61.1.rar
```diff

- Challenge № 248
- Update 2023-12-20
Notes: 

Let the challenges continue!

```------------------------------------
\Challenge249_OTTO_vs_ECTH,_5-1,_1.09v3b61.1.rar
```diff

- Challenge № 249
- Update 2023-12-22
Notes: 

Let the challenges continue!

```------------------------------------
\Challenge250_ECTH_vs_RAKI,_5-0,_1.09v3b61.2.rar
```diff

- Challenge № 250
- Update 2023-12-24
Notes: 

Let the challenges continue!

```------------------------------------
\Challenge251_ECTH_vs_ANDY,_5-3,_1.09v3b61.2.rar
```diff

- Challenge № 251
- Update 2023-12-25
Notes: 

Let the challenges continue!

```------------------------------------
\Challenge252_ANDY_vs_OTTO,_5-2,_1.09v3b61.2.rar
```diff

- Challenge № 252
- Update 2023-12-28
Notes: 

Let the challenges continue!

```------------------------------------
\Challenge253_GANNICUS_vs_ECTH,_5-1,_1.09v3b61.3.rar
```diff

- Challenge № 253
- Update 2023-12-30
Notes: 

Let the challenges continue!

```------------------------------------
\Challenge254_OTTO_vs_ECTH,_5-4,_1.09v3b61.3.rar
```diff

- Challenge № 254
- Update 2023-12-31
Notes: 

Let the challenges continue!

```------------------------------------
\Challenge255_YUSUF_vs_OTTO,_5-4,_1.09v3b61.3.rar
```diff

- Challenge № 255
- Update 2024-01-03
Notes: 

Let the challenges continue!

```------------------------------------
\Challenge256_GANNICUS_vs_OTTO,_5-4,_1.09v3b61.3.rar
```diff

- Challenge № 256
- Update 2024-01-04
Notes: 

Let the challenges continue!

```------------------------------------
\Challenge257_OTTO_vs_SHINODA,_4-2,_1.09v3.0.rar
```diff

- Challenge № 257
- Update 2024-01-06
Notes: 

Let the challenges continue!

```------------------------------------
\Challenge258_ECTH_vs_GANNICUS,_5-0,_1.09v3.0.rar
```diff

- Challenge № 258
- Update 2024-01-09
Notes: 

Let the challenges continue!

```------------------------------------
\Challenge259_ANDY_vs_OTTO,_5-4,_1.09v3.0.rar
```diff

- Challenge № 259
- Update 2024-01-11
Notes: 

Let the challenges continue!

```------------------------------------
\Challenge260_ECTH_vs_OTTO,_5-2,_1.09v3.0.rar
```diff

- Challenge № 260
- Update 2024-01-11
Notes: 

Let the challenges continue!

```------------------------------------
\Challenge261_OTTO_vs_RAKI,_5-3,_1.09v3.0.rar
```diff

- Challenge № 261
- Update 2024-01-12
Notes: 

Let the challenges continue!

```------------------------------------
\Challenge262_ANDY_vs_OTTO,_5-3,_1.09v3.0.rar
```diff

- Challenge № 262
- Update 2024-01-15
Notes: 

Let the challenges continue!

```------------------------------------
\Challenge263_ANDY_vs_YUSUF,_5-2,_1.09v3.0.rar
```diff

- Challenge № 263
- Update 2024-01-16
Notes: 

Let the challenges continue!

```------------------------------------
\Challenge264_KURDISH_vs_OTTO,_5-3,_1.09v3.0.rar
```diff

- Challenge № 264
- Update 2024-01-17
Notes: 

Let the challenges continue!

```------------------------------------
\Challenge265_OTTO_vs_ECTH,_5-4,_1.09v3.0.rar
```diff

- Challenge № 265
- Update 2024-01-20
Notes: 

Let the challenges continue!

```------------------------------------
\Challenge266_AHWE_vs_MISHA,_0-0,_KICK_ADD_MODE.rar
```diff

- Challenge № 266
- Update 2024-01-20
Notes: Misha is currently not active without will to defend his spot.

Let the challenges continue!

```------------------------------------
\Challenge267_LOLO_vs_KURDISH,_0-0,_NO_SCORE_MODE.rar
```diff

- Challenge № 267
- Update 2024-01-21
Notes: Kurdi gave away his spot

Let the challenges continue!

```------------------------------------
\Challenge268_AHWE_vs_KURDISH,_0-0,_NO_SCORE_MODE.rar
```diff

- Challenge № 268
- Update 2024-01-21
Notes: Kurdi dodging

Let the challenges continue!

```------------------------------------
\Challenge269_GANNICUS_vs_AHWE,_5-3,_1.09v3.0.rar
```diff

- Challenge № 269
- Update 2024-01-22
Notes: Why so essay?

Let the challenges continue!

```------------------------------------
\Challenge270_YUSUF_vs_LOLO,_5-4,_1.09v3.0.rar
```diff

- Challenge № 270
- Update 2024-01-23
Notes: 

Let the challenges continue!

```------------------------------------
\Challenge271_ANDY_vs_OTTO,_5-3,_1.09v3.0.rar
```diff

- Challenge № 271
- Update 2024-01-25
Notes: 

Let the challenges continue!

```------------------------------------
\Challenge272_OTTO_vs_ENUMA,_5-3,_1.09v3.0.rar
```diff

- Challenge № 272
- Update 2024-01-28
Notes: 

Let the challenges continue!

```------------------------------------
\Challenge273_ANDY_vs_OTTO,_5-3,_1.09v3.0.rar
```diff

- Challenge № 273
- Update 2024-01-29
Notes: 

Let the challenges continue!

```------------------------------------
\Challenge274_AHWE_vs_ECTH,_0-0,_NO_SCORE_MODE.rar
```diff

- Challenge № 274
- Update 2024-01-30
Notes: Bambi hard dodging.

Let the challenges continue!

```------------------------------------
\Challenge275_OTTO_vs_HITMACHINE,_5-0,_1.09v3.0.rar
```diff

- Challenge № 275
- Update 2024-01-30
Notes: 

Let the challenges continue!

```------------------------------------
\Challenge276_RAKI_vs_SAURON,_0-0,_KICK_ADD_MODE.rar
```diff

- Challenge № 276
- Update 2024-01-30
Notes: Sauron ego wont allow him to play challenges against humans.

Let the challenges continue!

```------------------------------------
\Challenge277_AHWE_vs_YUSUF,_5-4,_1.09v3.0.rar
```diff

- Challenge № 277
- Update 2024-02-01
Notes: 

Let the challenges continue!

```------------------------------------
\Challenge278_YUSUF_vs_URBY,_5-3,_1.09v3.0.rar
```diff

- Challenge № 278
- Update 2024-02-02
Notes: 

Let the challenges continue!

```------------------------------------
\Challenge279_ENUMA_vs_YUSUF,_5-4,_1.09v3.0.rar
```diff

- Challenge № 279
- Update 2024-02-02
Notes: 

Let the challenges continue!

```------------------------------------
\Challenge280_AHWE_vs_OTTO,_5-1,_1.09v3.0.rar
```diff

- Challenge № 280
- Update 2024-02-05
Notes: 

Let the challenges continue!

```------------------------------------
\Challenge281_RAKI_vs_HITMACHINE,_4-3,_1.09v3.0.rar
```diff

- Challenge № 281
- Update 2024-02-06
Notes: Hitmachine apparently surrendered after 4-3. (NewMap: Harondor_03_latest.rar)

Let the challenges continue!

```------------------------------------
\Challenge282_AHWE_vs_OTTO,_5-3,_1.09v3.0.rar
```diff

- Challenge № 282
- Update 2024-02-07
Notes: Played in two parts.

Let the challenges continue!

```------------------------------------
\Challenge283_AHWE_vs_OTTO,_5-3,_1.09v3.0.rar
```diff

- Challenge № 283
- Update 2024-02-07
Notes: Indeed, they played again and score repeats.  (NewMap: Harondor_03_latest.rar)

Let the challenges continue!

```------------------------------------
\Challenge284_GRENDAL_vs_RAKI,_5-0,_1.09v3.0.rar
```diff

- Challenge № 284
- Update 2024-02-08
Notes: Wtf spek?

Let the challenges continue!

```------------------------------------
\Challenge285_GANNICUS_vs_ECTH,_5-0,_1.09v3.0.rar
```diff

- Challenge № 285
- Update 2024-02-11
Notes: Idk fuck you

Let the challenges continue!

```------------------------------------
\Challenge286_AHWE_vs_GANNICUS,_6-3,_1.09v3.0.rar
```diff

- Challenge № 286
- Update 2024-02-11
Notes: Backward challenge

Let the challenges continue!

```------------------------------------
\Challenge287_ENUMA_vs_URBY,_5-0,_1.09v3.0.rar
```diff

- Challenge № 287
- Update 2024-02-11
Notes: 

Let the challenges continue!

```------------------------------------
\Challenge288_GANNICUS_vs_OTTO,_5-3,_1.09v3.0.rar
```diff

- Challenge № 288
- Update 2024-02-13
Notes: 

Let the challenges continue!

```------------------------------------
\Challenge289_YUSUF_vs_OTTO,_5-4,_1.09v3.0.rar
```diff

- Challenge № 289
- Update 2024-02-20
Notes: 

Let the challenges continue!

```------------------------------------
\Challenge290_ANDY_vs_OTTO,_5-0,_1.09v3.0.rar
```diff

- Challenge № 290
- Update 2024-02-20
Notes: 

Let the challenges continue!

```------------------------------------
\Challenge291_OTTO_vs_YUSUF,_0-0,_NO_SCORE_MODE.rar
```diff

- Challenge № 291
- Update 2024-02-20
Notes: 

Let the challenges continue!

```------------------------------------
\Challenge292_OTTO_vs_RAKI,_5-0,_1.09v3.0.rar
```diff

- Challenge № 292
- Update 2024-02-23
Notes: 

Let the challenges continue!

```------------------------------------
\Challenge293_OTTO_vs_ZORBA,_5-1,_1.09v3.0.rar
```diff

- Challenge № 293
- Update 2024-03-11
Notes: 

Let the challenges continue!

```------------------------------------
\Challenge294_OTTO_vs_CBATS,_5-0,_1.09v3.0.rar
```diff

- Challenge № 294
- Update 2024-03-12
Notes: 

Let the challenges continue!

```------------------------------------
\Challenge295_PIKACHU_vs_GRENDAL,_5-0,_1.09v3.0.rar
```diff

- Challenge № 295
- Update 2024-03-29
Notes: 

Let the challenges continue!

```------------------------------------
\Challenge296_YUSUF_vs_GANNICUS,_0-0,_NO_SCORE_MODE.rar
```diff

- Challenge № 296
- Update 2024-08-19
Notes: >>Do you think you haven't found any time for a month. >>I agree with Yusuf. There is policy and it must be followed. Gannicus is not an exception. He has had many opportunities to play his challenge. Demote Gannicus and promote Yusuf , it is considered a dodge or in other words forfit since he could not play the game regardless of siutation. You must hold up the integrity of the challenge system if people still honor it.

Let the challenges continue!

```------------------------------------
\Challenge297_OTTO_vs_HITMACHINE,_5-2,_1.09v3.0.rar
```diff

- Challenge № 297
- Update 2024-10-02
Notes: 

Let the challenges continue!

```------------------------------------
\Challenge298_GANNICUS_vs_YUSUF,_5-3,_1.09v3.0.rar
```diff

- Challenge № 298
- Update 2024-10-06
Notes: 

Let the challenges continue!

```------------------------------------
\Challenge299_AHWE_vs_YUSUF,_5-2,_1.09v3.0.rar
```diff

- Challenge № 299
- Update 2024-10-07
Notes: 

Let the challenges continue!

```------------------------------------
\Challenge300_GANNICUS_vs_ANDY,_5-3,_1.09v3.0.rar
```diff

- Challenge № 300
- Update 2024-10-14
Notes: gunnikus - ''andy mype next time if u talk less we can rematch''

Let the challenges continue!

```------------------------------------
\Challenge301_OTTO_vs_YUSUF,_5-4,_1.09v3.0.rar
```diff

- Challenge № 301
- Update 2024-10-14
Notes: 

Let the challenges continue!

```------------------------------------
\Challenge302_ECTH_vs_GANNICUS,_5-3,_1.09v3.0.rar
```diff

- Challenge № 302
- Update 2024-10-26
Notes: 

Let the challenges continue!

```------------------------------------
\Challenge303_GANNICUS_vs_ECTH,_5-1,_1.09v3.0.rar
```diff

- Challenge № 303
- Update 2024-10-31
Notes: 

Let the challenges continue!

```------------------------------------
\Challenge304_AHWE_vs_ECTH,_5-3,_1.09v3.0.rar
```diff

- Challenge № 304
- Update 2024-11-14
Notes: 

Let the challenges continue!

```------------------------------------
\Challenge305_YUSUF_vs_ECTH,_5-4,_1.09v3.0.rar
```diff

- Challenge № 305
- Update 2024-11-17
Notes: 

Let the challenges continue!

```------------------------------------
\Challenge306_JASKIER_vs_PIKACHU,_0-0,_NO_SCORE_MODE.rar
```diff

- Challenge № 306
- Update 2024-11-17
Notes: 

Let the challenges continue!

```------------------------------------
\Challenge307_YUSUF_vs_OTTO,_5-0,_1.09v3.0.rar
```diff

- Challenge № 307
- Update 2024-11-19
Notes: 

Let the challenges continue!

```------------------------------------
\Challenge308_OTTO_vs_SHINODA,_5-1,_1.09v3.0.rar
```diff

- Challenge № 308
- Update 2024-11-19
Notes: 

Let the challenges continue!

```------------------------------------
\Challenge309_AHWE_vs_GANNICUS,_5-4,_1.09v3.0.rar
```diff

- Challenge № 309
- Update 2024-11-21
Notes: 

Let the challenges continue!

```------------------------------------
\Challenge310_OTTO_vs_ASTRO,_5-4,_1.09v3.0.rar
```diff

- Challenge № 310
- Update 2024-11-24
Notes: 

Let the challenges continue!

```------------------------------------
\Challenge311_YUSUF_vs_AHWE,_5-4,_1.09v3.0.rar
```diff

- Challenge № 311
- Update 2024-11-24
Notes: 

Let the challenges continue!

```------------------------------------
\Challenge312_ASTRO_vs_ECTH,_0-0,_KICK_ADD_MODE.rar
```diff

- Challenge № 312
- Update 2024-12-03
Notes: rip bumbi hi astro

Let the challenges continue!

```------------------------------------
\Challenge313_GANNICUS_vs_OTTO,_5-1,_1.09v3.0.rar
```diff

- Challenge № 313
- Update 2024-12-03
Notes: 

Let the challenges continue!

```------------------------------------
\Challenge314_ASTRO_vs_JASKIER,_0-0,_NO_SCORE_MODE.rar
```diff

- Challenge № 314
- Update 2024-12-04
Notes: 

Let the challenges continue!

```------------------------------------
\Challenge315_ASTRO_vs_OTTO,_5-4,_1.09v3.0.rar
```diff

- Challenge № 315
- Update 2024-12-05
Notes: 

Let the challenges continue!

```------------------------------------
\Challenge316_ASTRO_vs_OTTO,_5-3,_1.09v3.0.rar
```diff

- Challenge № 316
- Update 2024-12-06
Notes: 

Let the challenges continue!

```------------------------------------
\Challenge317_AHWE_vs_YUSUF,_5-4,_1.09v3.0.rar
```diff

- Challenge № 317
- Update 2024-12-09
Notes: 

Let the challenges continue!

```------------------------------------
\Challenge318_GRENDAL_vs_JASKIER,_0-0,_NO_SCORE_MODE.rar
```diff

- Challenge № 318
- Update 2024-12-10
Notes: Jaskier cowardly dodged mighty Gr3nd4l

Let the challenges continue!

```------------------------------------
\Challenge319_ASTRO_vs_OTTO,_5-3,_1.09v3.0.rar
```diff

- Challenge № 319
- Update 2024-12-11
Notes: When are you ever gonna play tradicional 1v1+2v2 challenges?

Let the challenges continue!

```------------------------------------
\Challenge320_FALCON_vs_GRENDAL,_5-1,_1.09v3.0.rar
```diff

- Challenge № 320
- Update 2024-12-12
Notes: wtf losing?

Let the challenges continue!

```------------------------------------
\Challenge321_GRENDAL_vs_FALCON,_5-2,_1.09v3.0.rar
```diff

- Challenge № 321
- Update 2024-12-13
Notes: Grendy spanked falcon on the bottom without consent

Let the challenges continue!

```------------------------------------
\Challenge322_ASTRO_vs_OTTO,_5-3,_1.09v3.0.rar
```diff

- Challenge № 322
- Update 2024-12-15
Notes: 

Let the challenges continue!

```------------------------------------
\Challenge323_ASTRO_vs_OTTO,_5-4,_1.09v3.0.rar
```diff

- Challenge № 323
- Update 2024-12-16
Notes: 

Let the challenges continue!

```------------------------------------
\Challenge324_OTTO_vs_ANDY,_4-2,_1.09v3.0.rar
```diff

- Challenge № 324
- Update 2024-12-16
Notes: undy mad and left

Let the challenges continue!

```------------------------------------
\Challenge325_RAKI_vs_ANDY,_0-0,_KICK_ADD_MODE.rar
```diff

- Challenge № 325
- Update 2024-12-16
Notes: Undy asked to be removed from the list and recommended to add raki

Let the challenges continue!

```------------------------------------
\Challenge326_GRENDAL_vs_VIOLENCE,_5-4,_1.09v3.0.rar
```diff

- Challenge № 326
- Update 2024-12-17
Notes: 

Let the challenges continue!

```------------------------------------
\Challenge327_FALCON_vs_GRENDAL,_5-2,_1.09v3.0.rar
```diff

- Challenge № 327
- Update 2024-12-19
Notes: wtf spek

Let the challenges continue!

```------------------------------------
\Challenge328_VIOLENCE_vs_FALCON,_0-0,_NO_SCORE_MODE.rar
```diff

- Challenge № 328
- Update 2024-12-21
Notes: Apparently falcon refused to play against violence? Or something like that.

Let the challenges continue!

```------------------------------------
\Challenge329_GANNICUS_vs_ASTRO,_5-0,_1.09v3.0.rar
```diff

- Challenge № 329
- Update 2024-12-22
Notes: 

Let the challenges continue!

```------------------------------------
\Challenge330_AHWE_vs_GANNICUS,_5-1,_1.09v3.0.rar
```diff

- Challenge № 330
- Update 2024-12-22
Notes: 

Let the challenges continue!

```------------------------------------
\Challenge331_AHWE_vs_YUSUF,_5-3,_1.09v3.0.rar
```diff

- Challenge № 331
- Update 2024-12-23
Notes: 

Let the challenges continue!

```